-------------------------------------------------------------------------------
Test set: payloadGeneration.hashTable.HashtableTest
-------------------------------------------------------------------------------
Tests run: 2, Failures: 1, Errors: 1, Skipped: 0, Time elapsed: 0.032 sec <<< FAILURE!
testRetrieveArray(payloadGeneration.hashTable.HashtableTest)  Time elapsed: 0.019 sec  <<< FAILURE!
junit.framework.AssertionFailedError: Only added one, not 10. Tablesize = 10 test hashcode = 3556502
	at junit.framework.Assert.fail(Assert.java:47)
	at payloadGeneration.hashTable.HashtableTest.testRetrieveArray(HashtableTest.java:64)

testOutOfBounds(payloadGeneration.hashTable.HashtableTest)  Time elapsed: 0 sec  <<< ERROR!
java.lang.IndexOutOfBoundsException: Index: 3556502, Size: 10
	at java.util.ArrayList.rangeCheck(ArrayList.java:657)
	at java.util.ArrayList.get(ArrayList.java:433)
	at payloadGeneration.hashTable.Hashtable.getArray(Hashtable.java:63)
	at payloadGeneration.hashTable.HashtableTest.testOutOfBounds(HashtableTest.java:50)

